[debug] [2023-04-02T12:41:21.040Z] ----------------------------------------------------------------------
[debug] [2023-04-02T12:41:21.045Z] Command:       C:\Program Files\nodejs\node.exe C:\Users\User\AppData\Roaming\npm\node_modules\firebase-tools\lib\bin\firebase.js init
[debug] [2023-04-02T12:41:21.048Z] CLI Version:   11.16.1
[debug] [2023-04-02T12:41:21.048Z] Platform:      win32
[debug] [2023-04-02T12:41:21.048Z] Node Version:  v16.17.0
[debug] [2023-04-02T12:41:21.065Z] Time:          Sun Apr 02 2023 16:41:21 GMT+0400 (საქართველოს სტანდარტული დრო)
[debug] [2023-04-02T12:41:21.066Z] ----------------------------------------------------------------------
[debug] 
[debug] [2023-04-02T12:41:21.075Z] >>> [apiv2][query] GET https://firebase-public.firebaseio.com/cli.json [none]
[debug] [2023-04-02T12:41:21.168Z] > command requires scopes: ["email","openid","https://www.googleapis.com/auth/cloudplatformprojects.readonly","https://www.googleapis.com/auth/firebase","https://www.googleapis.com/auth/cloud-platform"]
[debug] [2023-04-02T12:41:21.173Z] > authorizing via signed-in user (davitgarsiashvili@gmail.com)
[info] 
     ######## #### ########  ######## ########     ###     ######  ########
     ##        ##  ##     ## ##       ##     ##  ##   ##  ##       ##
     ######    ##  ########  ######   ########  #########  ######  ######
     ##        ##  ##    ##  ##       ##     ## ##     ##       ## ##
     ##       #### ##     ## ######## ########  ##     ##  ######  ########

You're about to initialize a Firebase project in this directory:

  D:\Angular course\task-manager

[debug] [2023-04-02T12:41:22.914Z] <<< [apiv2][status] GET https://firebase-public.firebaseio.com/cli.json 200
[debug] [2023-04-02T12:41:22.914Z] <<< [apiv2][body] GET https://firebase-public.firebaseio.com/cli.json {"cloudBuildErrorAfter":1594252800000,"cloudBuildWarnAfter":1590019200000,"defaultNode10After":1594252800000,"minVersion":"3.0.5","node8DeploysDisabledAfter":1613390400000,"node8RuntimeDisabledAfter":1615809600000,"node8WarnAfter":1600128000000}
